<?xml version="1.0" encoding="UTF-8"?>
<testsuite name="com.jojoldu.book.springboot.HelloControllerTest" tests="2" skipped="0" failures="0" errors="0" timestamp="2020-07-19T12:26:52" hostname="LAPTOP-5QBG8LDH" time="0.444">
  <properties/>
  <testcase name="hello가_리턴된다" classname="com.jojoldu.book.springboot.HelloControllerTest" time="0.203"/>
  <testcase name="helloDto가_리턴된다" classname="com.jojoldu.book.springboot.HelloControllerTest" time="0.238"/>
  <system-out><![CDATA[2020-07-19 21:26:49.345  INFO 72496 --- [    Test worker] .b.t.a.w.s.WebMvcTestContextBootstrapper : Neither @ContextConfiguration nor @ContextHierarchy found for test class [com.jojoldu.book.springboot.HelloControllerTest], using SpringBootContextLoader
2020-07-19 21:26:49.347  INFO 72496 --- [    Test worker] o.s.t.c.support.AbstractContextLoader    : Could not detect default resource locations for test class [com.jojoldu.book.springboot.HelloControllerTest]: no resource found for suffixes {-context.xml, Context.groovy}.
2020-07-19 21:26:49.348  INFO 72496 --- [    Test worker] t.c.s.AnnotationConfigContextLoaderUtils : Could not detect default configuration classes for test class [com.jojoldu.book.springboot.HelloControllerTest]: HelloControllerTest does not declare any static, non-private, non-final, nested classes annotated with @Configuration.
2020-07-19 21:26:49.416  INFO 72496 --- [    Test worker] .b.t.c.SpringBootTestContextBootstrapper : Found @SpringBootConfiguration com.jojoldu.book.springboot.Application for test class com.jojoldu.book.springboot.HelloControllerTest
2020-07-19 21:26:49.419  INFO 72496 --- [    Test worker] .b.t.a.w.s.WebMvcTestContextBootstrapper : Loaded default TestExecutionListener class names from location [META-INF/spring.factories]: [org.springframework.security.test.context.support.WithSecurityContextTestExecutionListener, org.springframework.security.test.context.support.ReactorContextTestExecutionListener, org.springframework.boot.test.autoconfigure.restdocs.RestDocsTestExecutionListener, org.springframework.boot.test.autoconfigure.web.client.MockRestServiceServerResetTestExecutionListener, org.springframework.boot.test.autoconfigure.web.servlet.MockMvcPrintOnlyOnFailureTestExecutionListener, org.springframework.boot.test.autoconfigure.web.servlet.WebDriverTestExecutionListener, org.springframework.boot.test.mock.mockito.MockitoTestExecutionListener, org.springframework.boot.test.mock.mockito.ResetMocksTestExecutionListener, org.springframework.test.context.web.ServletTestExecutionListener, org.springframework.test.context.support.DirtiesContextBeforeModesTestExecutionListener, org.springframework.test.context.support.DependencyInjectionTestExecutionListener, org.springframework.test.context.support.DirtiesContextTestExecutionListener, org.springframework.test.context.transaction.TransactionalTestExecutionListener, org.springframework.test.context.jdbc.SqlScriptsTestExecutionListener]
2020-07-19 21:26:49.423  INFO 72496 --- [    Test worker] .b.t.a.w.s.WebMvcTestContextBootstrapper : Using TestExecutionListeners: [org.springframework.test.context.web.ServletTestExecutionListener@37433247, org.springframework.test.context.support.DirtiesContextBeforeModesTestExecutionListener@567cabff, org.springframework.boot.test.mock.mockito.MockitoTestExecutionListener@11ce1ea7, org.springframework.boot.test.autoconfigure.SpringBootDependencyInjectionTestExecutionListener@25300607, org.springframework.test.context.support.DirtiesContextTestExecutionListener@b4fd9ec, org.springframework.test.context.transaction.TransactionalTestExecutionListener@38dfb829, org.springframework.test.context.jdbc.SqlScriptsTestExecutionListener@5905a2b3, org.springframework.security.test.context.support.WithSecurityContextTestExecutionListener@7ca087aa, org.springframework.security.test.context.support.ReactorContextTestExecutionListener@9d5b16b, org.springframework.boot.test.autoconfigure.restdocs.RestDocsTestExecutionListener@4c0e4e88, org.springframework.boot.test.autoconfigure.web.client.MockRestServiceServerResetTestExecutionListener@38ea6d80, org.springframework.boot.test.autoconfigure.web.servlet.MockMvcPrintOnlyOnFailureTestExecutionListener@400f30e0, org.springframework.boot.test.autoconfigure.web.servlet.WebDriverTestExecutionListener@64759f63, org.springframework.boot.test.mock.mockito.ResetMocksTestExecutionListener@5a31f76b]

  .   ____          _            __ _ _
 /\\ / ___'_ __ _ _(_)_ __  __ _ \ \ \ \
( ( )\___ | '_ | '_| | '_ \/ _` | \ \ \ \
 \\/  ___)| |_)| | | | | || (_| |  ) ) ) )
  '  |____| .__|_| |_|_| |_\__, | / / / /
 =========|_|==============|___/=/_/_/_/
 :: Spring Boot ::        (v2.1.7.RELEASE)

2020-07-19 21:26:49.602  INFO 72496 --- [    Test worker] c.j.book.springboot.HelloControllerTest  : Starting HelloControllerTest on LAPTOP-5QBG8LDH with PID 72496 (started by cjy17 in C:\Users\cjy17\IdeaProjects\freelec-springboot2-webserivce)
2020-07-19 21:26:49.604  INFO 72496 --- [    Test worker] c.j.book.springboot.HelloControllerTest  : No active profile set, falling back to default profiles: default
2020-07-19 21:26:51.185  INFO 72496 --- [    Test worker] o.s.s.concurrent.ThreadPoolTaskExecutor  : Initializing ExecutorService 'applicationTaskExecutor'
2020-07-19 21:26:51.294  INFO 72496 --- [    Test worker] o.s.b.a.w.s.WelcomePageHandlerMapping    : Adding welcome page template: index
2020-07-19 21:26:51.827  INFO 72496 --- [    Test worker] .s.s.UserDetailsServiceAutoConfiguration : 

Using generated security password: b961384b-15f1-4ff0-a1d0-4600068cb0e7

2020-07-19 21:26:52.193  INFO 72496 --- [    Test worker] o.s.s.web.DefaultSecurityFilterChain     : Creating filter chain: any request, [org.springframework.security.web.context.request.async.WebAsyncManagerIntegrationFilter@4902d11e, org.springframework.security.web.context.SecurityContextPersistenceFilter@2ac0749, org.springframework.security.web.header.HeaderWriterFilter@3b205174, org.springframework.security.web.csrf.CsrfFilter@5459e323, org.springframework.security.web.authentication.logout.LogoutFilter@3cf365b2, org.springframework.security.web.authentication.UsernamePasswordAuthenticationFilter@1d4f760c, org.springframework.security.web.authentication.ui.DefaultLoginPageGeneratingFilter@75d904b8, org.springframework.security.web.authentication.ui.DefaultLogoutPageGeneratingFilter@5b55624a, org.springframework.security.web.authentication.www.BasicAuthenticationFilter@19e451ee, org.springframework.security.web.savedrequest.RequestCacheAwareFilter@3321616a, org.springframework.security.web.servletapi.SecurityContextHolderAwareRequestFilter@a333d8b, org.springframework.security.web.authentication.AnonymousAuthenticationFilter@600523ef, org.springframework.security.web.session.SessionManagementFilter@207bfdc8, org.springframework.security.web.access.ExceptionTranslationFilter@7c69baac, org.springframework.security.web.access.intercept.FilterSecurityInterceptor@e3cdd51]
2020-07-19 21:26:52.286  INFO 72496 --- [    Test worker] o.s.b.t.m.w.SpringBootMockServletContext : Initializing Spring TestDispatcherServlet ''
2020-07-19 21:26:52.287  INFO 72496 --- [    Test worker] o.s.t.web.servlet.TestDispatcherServlet  : Initializing Servlet ''
2020-07-19 21:26:52.336  INFO 72496 --- [    Test worker] o.s.t.web.servlet.TestDispatcherServlet  : Completed initialization in 49 ms
2020-07-19 21:26:52.422  INFO 72496 --- [    Test worker] c.j.book.springboot.HelloControllerTest  : Started HelloControllerTest in 2.991 seconds (JVM running for 27.865)
]]></system-out>
  <system-err><![CDATA[]]></system-err>
</testsuite>
