<?xml version="1.0" encoding="UTF-8"?>
<testsuite name="com.jojoldu.book.springboot.web.IndexControllerTest" tests="1" skipped="0" failures="0" errors="0" timestamp="2020-07-19T12:27:01" hostname="LAPTOP-5QBG8LDH" time="0.437">
  <properties/>
  <testcase name="메인페이지_로딩" classname="com.jojoldu.book.springboot.web.IndexControllerTest" time="0.437"/>
  <system-out><![CDATA[2020-07-19 21:26:52.881  INFO 72496 --- [    Test worker] .b.t.c.SpringBootTestContextBootstrapper : Neither @ContextConfiguration nor @ContextHierarchy found for test class [com.jojoldu.book.springboot.web.IndexControllerTest], using SpringBootContextLoader
2020-07-19 21:26:52.883  INFO 72496 --- [    Test worker] o.s.t.c.support.AbstractContextLoader    : Could not detect default resource locations for test class [com.jojoldu.book.springboot.web.IndexControllerTest]: no resource found for suffixes {-context.xml, Context.groovy}.
2020-07-19 21:26:52.884  INFO 72496 --- [    Test worker] t.c.s.AnnotationConfigContextLoaderUtils : Could not detect default configuration classes for test class [com.jojoldu.book.springboot.web.IndexControllerTest]: IndexControllerTest does not declare any static, non-private, non-final, nested classes annotated with @Configuration.
2020-07-19 21:26:52.905  INFO 72496 --- [    Test worker] .b.t.c.SpringBootTestContextBootstrapper : Found @SpringBootConfiguration com.jojoldu.book.springboot.Application for test class com.jojoldu.book.springboot.web.IndexControllerTest
2020-07-19 21:26:52.909  INFO 72496 --- [    Test worker] .b.t.c.SpringBootTestContextBootstrapper : Loaded default TestExecutionListener class names from location [META-INF/spring.factories]: [org.springframework.security.test.context.support.WithSecurityContextTestExecutionListener, org.springframework.security.test.context.support.ReactorContextTestExecutionListener, org.springframework.boot.test.autoconfigure.restdocs.RestDocsTestExecutionListener, org.springframework.boot.test.autoconfigure.web.client.MockRestServiceServerResetTestExecutionListener, org.springframework.boot.test.autoconfigure.web.servlet.MockMvcPrintOnlyOnFailureTestExecutionListener, org.springframework.boot.test.autoconfigure.web.servlet.WebDriverTestExecutionListener, org.springframework.boot.test.mock.mockito.MockitoTestExecutionListener, org.springframework.boot.test.mock.mockito.ResetMocksTestExecutionListener, org.springframework.test.context.web.ServletTestExecutionListener, org.springframework.test.context.support.DirtiesContextBeforeModesTestExecutionListener, org.springframework.test.context.support.DependencyInjectionTestExecutionListener, org.springframework.test.context.support.DirtiesContextTestExecutionListener, org.springframework.test.context.transaction.TransactionalTestExecutionListener, org.springframework.test.context.jdbc.SqlScriptsTestExecutionListener]
2020-07-19 21:26:52.912  INFO 72496 --- [    Test worker] .b.t.c.SpringBootTestContextBootstrapper : Using TestExecutionListeners: [org.springframework.test.context.web.ServletTestExecutionListener@55353672, org.springframework.test.context.support.DirtiesContextBeforeModesTestExecutionListener@24e1706f, org.springframework.boot.test.mock.mockito.MockitoTestExecutionListener@5792f729, org.springframework.boot.test.autoconfigure.SpringBootDependencyInjectionTestExecutionListener@301fd636, org.springframework.test.context.support.DirtiesContextTestExecutionListener@4ce5f0e1, org.springframework.test.context.transaction.TransactionalTestExecutionListener@6328931a, org.springframework.test.context.jdbc.SqlScriptsTestExecutionListener@23c31be9, org.springframework.security.test.context.support.WithSecurityContextTestExecutionListener@6da3d7c1, org.springframework.security.test.context.support.ReactorContextTestExecutionListener@ea2506c, org.springframework.boot.test.autoconfigure.restdocs.RestDocsTestExecutionListener@29b5b2e1, org.springframework.boot.test.autoconfigure.web.client.MockRestServiceServerResetTestExecutionListener@1292f86d, org.springframework.boot.test.autoconfigure.web.servlet.MockMvcPrintOnlyOnFailureTestExecutionListener@617c3821, org.springframework.boot.test.autoconfigure.web.servlet.WebDriverTestExecutionListener@7dc13552, org.springframework.boot.test.mock.mockito.ResetMocksTestExecutionListener@7967a2b1]

  .   ____          _            __ _ _
 /\\ / ___'_ __ _ _(_)_ __  __ _ \ \ \ \
( ( )\___ | '_ | '_| | '_ \/ _` | \ \ \ \
 \\/  ___)| |_)| | | | | || (_| |  ) ) ) )
  '  |____| .__|_| |_|_| |_\__, | / / / /
 =========|_|==============|___/=/_/_/_/
 :: Spring Boot ::        (v2.1.7.RELEASE)

2020-07-19 21:26:53.008  INFO 72496 --- [    Test worker] c.j.b.s.web.IndexControllerTest          : Starting IndexControllerTest on LAPTOP-5QBG8LDH with PID 72496 (started by cjy17 in C:\Users\cjy17\IdeaProjects\freelec-springboot2-webserivce)
2020-07-19 21:26:53.009  INFO 72496 --- [    Test worker] c.j.b.s.web.IndexControllerTest          : No active profile set, falling back to default profiles: default
2020-07-19 21:26:53.791  INFO 72496 --- [    Test worker] .s.d.r.c.RepositoryConfigurationDelegate : Bootstrapping Spring Data repositories in DEFAULT mode.
2020-07-19 21:26:53.889  INFO 72496 --- [    Test worker] .s.d.r.c.RepositoryConfigurationDelegate : Finished Spring Data repository scanning in 96ms. Found 2 repository interfaces.
2020-07-19 21:26:54.245  INFO 72496 --- [    Test worker] trationDelegate$BeanPostProcessorChecker : Bean 'org.springframework.transaction.annotation.ProxyTransactionManagementConfiguration' of type [org.springframework.transaction.annotation.ProxyTransactionManagementConfiguration$$EnhancerBySpringCGLIB$$ea3a26a0] is not eligible for getting processed by all BeanPostProcessors (for example: not eligible for auto-proxying)
2020-07-19 21:26:55.287  INFO 72496 --- [    Test worker] o.s.b.w.embedded.tomcat.TomcatWebServer  : Tomcat initialized with port(s): 0 (http)
2020-07-19 21:26:55.406  INFO 72496 --- [    Test worker] o.apache.catalina.core.StandardService   : Starting service [Tomcat]
2020-07-19 21:26:55.407  INFO 72496 --- [    Test worker] org.apache.catalina.core.StandardEngine  : Starting Servlet engine: [Apache Tomcat/9.0.22]
2020-07-19 21:26:56.372  INFO 72496 --- [    Test worker] o.a.c.c.C.[Tomcat].[localhost].[/]       : Initializing Spring embedded WebApplicationContext
2020-07-19 21:26:56.374  INFO 72496 --- [    Test worker] o.s.web.context.ContextLoader            : Root WebApplicationContext: initialization completed in 3359 ms
2020-07-19 21:26:57.214  INFO 72496 --- [    Test worker] com.zaxxer.hikari.HikariDataSource       : HikariPool-2 - Starting...
2020-07-19 21:26:57.215  INFO 72496 --- [    Test worker] com.zaxxer.hikari.HikariDataSource       : HikariPool-2 - Start completed.
2020-07-19 21:26:57.580  INFO 72496 --- [    Test worker] o.hibernate.jpa.internal.util.LogHelper  : HHH000204: Processing PersistenceUnitInfo [
	name: default
	...]
2020-07-19 21:26:57.695  INFO 72496 --- [    Test worker] org.hibernate.dialect.Dialect            : HHH000400: Using dialect: org.hibernate.dialect.MySQL5InnoDBDialect
Hibernate: drop table if exists posts
Hibernate: drop table if exists user
Hibernate: create table posts (id bigint not null auto_increment, created_date datetime, modified_date datetime, author varchar(255), content TEXT not null, title varchar(500) not null, primary key (id)) engine=InnoDB
Hibernate: create table user (id bigint not null auto_increment, created_date datetime, modified_date datetime, email varchar(255) not null, name varchar(255) not null, picture varchar(255), role varchar(255) not null, primary key (id)) engine=InnoDB
2020-07-19 21:26:57.966  INFO 72496 --- [    Test worker] o.h.t.schema.internal.SchemaCreatorImpl  : HHH000476: Executing import script 'org.hibernate.tool.schema.internal.exec.ScriptSourceInputNonExistentImpl@500be260'
2020-07-19 21:26:57.966  INFO 72496 --- [    Test worker] j.LocalContainerEntityManagerFactoryBean : Initialized JPA EntityManagerFactory for persistence unit 'default'
2020-07-19 21:26:59.133  INFO 72496 --- [    Test worker] o.h.h.i.QueryTranslatorFactoryInitiator  : HHH000397: Using ASTQueryTranslatorFactory
2020-07-19 21:26:59.632  INFO 72496 --- [    Test worker] o.s.s.web.DefaultSecurityFilterChain     : Creating filter chain: any request, [org.springframework.security.web.context.request.async.WebAsyncManagerIntegrationFilter@771995a5, org.springframework.security.web.context.SecurityContextPersistenceFilter@2e37a379, org.springframework.security.web.header.HeaderWriterFilter@63f11167, org.springframework.security.web.authentication.logout.LogoutFilter@5171b56b, org.springframework.security.oauth2.client.web.OAuth2AuthorizationRequestRedirectFilter@1cdbf53b, org.springframework.security.oauth2.client.web.OAuth2LoginAuthenticationFilter@7554f858, org.springframework.security.web.authentication.ui.DefaultLoginPageGeneratingFilter@424efa30, org.springframework.security.web.authentication.ui.DefaultLogoutPageGeneratingFilter@19f6809b, org.springframework.security.web.savedrequest.RequestCacheAwareFilter@4af43ee6, org.springframework.security.web.servletapi.SecurityContextHolderAwareRequestFilter@216564f6, org.springframework.security.web.authentication.AnonymousAuthenticationFilter@5ac7dcb3, org.springframework.security.web.session.SessionManagementFilter@bdd02a8, org.springframework.security.web.access.ExceptionTranslationFilter@24d81ff6, org.springframework.security.web.access.intercept.FilterSecurityInterceptor@7393a247]
2020-07-19 21:27:00.152  INFO 72496 --- [    Test worker] o.s.s.concurrent.ThreadPoolTaskExecutor  : Initializing ExecutorService 'applicationTaskExecutor'
2020-07-19 21:27:00.183  WARN 72496 --- [    Test worker] aWebConfiguration$JpaWebMvcConfiguration : spring.jpa.open-in-view is enabled by default. Therefore, database queries may be performed during view rendering. Explicitly configure spring.jpa.open-in-view to disable this warning
2020-07-19 21:27:00.236  INFO 72496 --- [    Test worker] o.s.b.a.w.s.WelcomePageHandlerMapping    : Adding welcome page template: index
2020-07-19 21:27:00.949  INFO 72496 --- [    Test worker] s.a.ScheduledAnnotationBeanPostProcessor : No TaskScheduler/ScheduledExecutorService bean found for scheduled processing
2020-07-19 21:27:01.012  INFO 72496 --- [    Test worker] o.s.b.w.embedded.tomcat.TomcatWebServer  : Tomcat started on port(s): 4578 (http) with context path ''
2020-07-19 21:27:01.014  INFO 72496 --- [    Test worker] c.j.b.s.web.IndexControllerTest          : Started IndexControllerTest in 8.098 seconds (JVM running for 36.456)
2020-07-19 21:27:01.242  INFO 72496 --- [-auto-1-exec-10] o.a.c.c.C.[Tomcat].[localhost].[/]       : Initializing Spring DispatcherServlet 'dispatcherServlet'
2020-07-19 21:27:01.243  INFO 72496 --- [-auto-1-exec-10] o.s.web.servlet.DispatcherServlet        : Initializing Servlet 'dispatcherServlet'
2020-07-19 21:27:01.297  INFO 72496 --- [-auto-1-exec-10] o.s.web.servlet.DispatcherServlet        : Completed initialization in 54 ms
Hibernate: select posts0_.id as id1_0_, posts0_.created_date as created_2_0_, posts0_.modified_date as modified3_0_, posts0_.author as author4_0_, posts0_.content as content5_0_, posts0_.title as title6_0_ from posts posts0_ order by posts0_.id DESC
]]></system-out>
  <system-err><![CDATA[]]></system-err>
</testsuite>
